2026-07-05T21:20:31.616895Z  INFO herdr::platform::macos: raised server file descriptor soft limit previous=256 target=8192
2026-07-05T21:20:31.617398Z  INFO herdr::api::server: api server listening path=/Users/Maaz/.config/herdr/herdr.sock
2026-07-05T21:20:31.618417Z  INFO herdr::app: using pane scrollback configuration pane_scrollback_limit_bytes=10000000
2026-07-05T21:20:31.635859Z  INFO herdr::logging: checking for updates event="update.check.start" subsystem="update" outcome="started"
2026-07-05T21:20:31.643846Z  INFO herdr::logging: spawning pane terminal event="pane.spawn.start" subsystem="pane" outcome="started" pane_id=1 rows=24 cols=80 scrollback_limit_bytes=10000000
2026-07-05T21:20:31.648664Z  INFO herdr::logging: pane child spawned event="pane.spawned" subsystem="pane" outcome="ok" pane_id=1 pid=76690
2026-07-05T21:20:31.649396Z  INFO herdr::logging: workspace created event="workspace.create" subsystem="workspace" outcome="ok" workspace_id="w1" pane_id=1
2026-07-05T21:20:31.649427Z  INFO herdr::logging: workspace focused event="workspace.focus" subsystem="workspace" outcome="ok" workspace_id="w1"
2026-07-05T21:20:31.649500Z  INFO herdr::logging: tab focused event="tab.focus" subsystem="tab" outcome="ok" workspace_id="w1" tab_id="w1:t1"
2026-07-05T21:20:31.649524Z  INFO herdr::server::headless: created startup workspace cwd=/Users/Maaz/Dotfiles/.config/nix
2026-07-05T21:20:31.649705Z  INFO herdr::server::headless: client protocol socket listening path=/Users/Maaz/.config/herdr/herdr-client.sock
2026-07-05T21:20:31.649740Z  INFO herdr::server::headless: herdr server started api_socket=/Users/Maaz/.config/herdr/herdr.sock client_socket=/Users/Maaz/.config/herdr/herdr-client.sock
2026-07-05T21:20:31.649808Z  INFO herdr::logging: herdr starting event="app.startup" subsystem="server" outcome="started" pid=76609
2026-07-05T21:20:31.902510Z  INFO herdr::server::headless: client connected client_id=2 cols=188 rows=50 cell_width_px=0 cell_height_px=0 render_encoding=SemanticFrame
2026-07-05T21:20:34.929594Z  INFO herdr::logging: pane child exited event="pane.exit" subsystem="pane" outcome="completed" pane_id=1 status="ExitStatus { code: 0, signal: None }"
2026-07-05T21:20:34.932457Z  INFO herdr::pane: pane session terminated pane=1 pid=76690 signal=Hangup
2026-07-05T21:20:34.932944Z  INFO herdr::logging: spawning pane terminal event="pane.spawn.start" subsystem="pane" outcome="started" pane_id=2 rows=49 cols=162 scrollback_limit_bytes=10000000
2026-07-05T21:20:34.940665Z  INFO herdr::logging: pane child spawned event="pane.spawned" subsystem="pane" outcome="ok" pane_id=2 pid=77142
2026-07-05T21:20:34.940886Z  INFO herdr::logging: workspace created event="workspace.create" subsystem="workspace" outcome="ok" workspace_id="w2" pane_id=2
2026-07-05T21:20:34.940897Z  INFO herdr::logging: workspace focused event="workspace.focus" subsystem="workspace" outcome="ok" workspace_id="w2"
2026-07-05T21:20:34.940905Z  INFO herdr::logging: tab focused event="tab.focus" subsystem="tab" outcome="ok" workspace_id="w2" tab_id="w2:t1"
2026-07-05T21:20:36.052518Z  INFO herdr::logging: pane child exited event="pane.exit" subsystem="pane" outcome="completed" pane_id=2 status="ExitStatus { code: 0, signal: None }"
2026-07-05T21:20:36.052625Z  INFO herdr::pane: pane session terminated pane=2 pid=77142 signal=Hangup
2026-07-05T21:20:36.052859Z  INFO herdr::logging: spawning pane terminal event="pane.spawn.start" subsystem="pane" outcome="started" pane_id=3 rows=49 cols=162 scrollback_limit_bytes=10000000
2026-07-05T21:20:36.058741Z  INFO herdr::logging: pane child spawned event="pane.spawned" subsystem="pane" outcome="ok" pane_id=3 pid=77198
2026-07-05T21:20:36.059004Z  INFO herdr::logging: workspace created event="workspace.create" subsystem="workspace" outcome="ok" workspace_id="w3" pane_id=3
2026-07-05T21:20:36.059021Z  INFO herdr::logging: workspace focused event="workspace.focus" subsystem="workspace" outcome="ok" workspace_id="w3"
2026-07-05T21:20:36.059037Z  INFO herdr::logging: tab focused event="tab.focus" subsystem="tab" outcome="ok" workspace_id="w3" tab_id="w3:t1"
2026-07-05T21:20:41.075752Z  INFO herdr::logging: session saved event="persist.save" subsystem="persist" outcome="ok" path=/Users/Maaz/.config/herdr/session.json workspaces=1
2026-07-05T21:20:41.561294Z  INFO herdr::logging: workspace focused event="workspace.focus" subsystem="workspace" outcome="ok" workspace_id="w3"
2026-07-05T21:20:41.561439Z  INFO herdr::logging: tab focused event="tab.focus" subsystem="tab" outcome="ok" workspace_id="w3" tab_id="w3:t1"
2026-07-05T21:20:41.561716Z  INFO herdr::logging: tab focused event="tab.focus" subsystem="tab" outcome="ok" workspace_id="w3" tab_id="w3:t1"
2026-07-05T21:20:41.561763Z  INFO herdr::logging: workspace closed event="workspace.close" subsystem="workspace" outcome="ok" workspace_id="w3"
2026-07-05T21:20:41.564236Z  INFO herdr::logging: pane child exited event="pane.exit" subsystem="pane" outcome="completed" pane_id=3 status="ExitStatus { code: 1, signal: Some(\"Hangup: 1\") }"
2026-07-05T21:20:41.587364Z  INFO herdr::pane: pane session terminated pane=3 pid=77198 signal=Hangup
2026-07-05T21:20:41.588095Z  WARN herdr::app::actions: PaneDied for unknown pane pane=3
2026-07-05T21:20:41.588558Z  INFO herdr::logging: spawning pane terminal event="pane.spawn.start" subsystem="pane" outcome="started" pane_id=4 rows=49 cols=162 scrollback_limit_bytes=10000000
2026-07-05T21:20:41.601464Z  INFO herdr::logging: pane child spawned event="pane.spawned" subsystem="pane" outcome="ok" pane_id=4 pid=77280
2026-07-05T21:20:41.601940Z  INFO herdr::logging: workspace created event="workspace.create" subsystem="workspace" outcome="ok" workspace_id="w4" pane_id=4
2026-07-05T21:20:41.601988Z  INFO herdr::logging: workspace focused event="workspace.focus" subsystem="workspace" outcome="ok" workspace_id="w4"
2026-07-05T21:20:41.602008Z  INFO herdr::logging: tab focused event="tab.focus" subsystem="tab" outcome="ok" workspace_id="w4" tab_id="w4:t1"
2026-07-05T21:20:43.497756Z  INFO herdr::logging: pane child exited event="pane.exit" subsystem="pane" outcome="completed" pane_id=4 status="ExitStatus { code: 0, signal: None }"
2026-07-05T21:20:43.497933Z  INFO herdr::pane: pane session terminated pane=4 pid=77280 signal=Hangup
2026-07-05T21:20:43.498276Z  INFO herdr::logging: spawning pane terminal event="pane.spawn.start" subsystem="pane" outcome="started" pane_id=5 rows=49 cols=162 scrollback_limit_bytes=10000000
2026-07-05T21:20:43.506462Z  INFO herdr::logging: pane child spawned event="pane.spawned" subsystem="pane" outcome="ok" pane_id=5 pid=77345
2026-07-05T21:20:43.506935Z  INFO herdr::logging: workspace created event="workspace.create" subsystem="workspace" outcome="ok" workspace_id="w5" pane_id=5
2026-07-05T21:20:43.506955Z  INFO herdr::logging: workspace focused event="workspace.focus" subsystem="workspace" outcome="ok" workspace_id="w5"
2026-07-05T21:20:43.506971Z  INFO herdr::logging: tab focused event="tab.focus" subsystem="tab" outcome="ok" workspace_id="w5" tab_id="w5:t1"
2026-07-05T21:20:48.516087Z  INFO herdr::logging: session saved event="persist.save" subsystem="persist" outcome="ok" path=/Users/Maaz/.config/herdr/session.json workspaces=1
