2026-07-10T22:37:57.614691Z  INFO herdr::platform::macos: raised server file descriptor soft limit previous=256 target=8192
2026-07-10T22:37:57.615593Z  INFO herdr::api::server: api server listening path=/Users/Maaz/.config/herdr/sessions/cloner/herdr.sock
2026-07-10T22:37:57.617610Z  INFO herdr::app: using pane scrollback configuration pane_scrollback_limit_bytes=10000000
2026-07-10T22:37:57.653077Z  INFO herdr::logging: checking for updates event="update.check.start" subsystem="update" outcome="started"
2026-07-10T22:37:57.660522Z  INFO herdr::logging: spawning pane terminal event="pane.spawn.start" subsystem="pane" outcome="started" pane_id=1 rows=24 cols=80 scrollback_limit_bytes=10000000
2026-07-10T22:37:57.668997Z  INFO herdr::logging: pane child spawned event="pane.spawned" subsystem="pane" outcome="ok" pane_id=1 pid=61263
2026-07-10T22:37:57.669826Z  INFO herdr::logging: workspace created event="workspace.create" subsystem="workspace" outcome="ok" workspace_id="w1" pane_id=1
2026-07-10T22:37:57.669886Z  INFO herdr::logging: workspace focused event="workspace.focus" subsystem="workspace" outcome="ok" workspace_id="w1"
2026-07-10T22:37:57.670058Z  INFO herdr::logging: tab focused event="tab.focus" subsystem="tab" outcome="ok" workspace_id="w1" tab_id="w1:t1"
2026-07-10T22:37:57.670085Z  INFO herdr::server::headless: created startup workspace cwd=/Users/Maaz
2026-07-10T22:37:57.670217Z  INFO herdr::server::headless: client protocol socket listening path=/Users/Maaz/.config/herdr/sessions/cloner/herdr-client.sock
2026-07-10T22:37:57.670250Z  INFO herdr::server::headless: herdr server started api_socket=/Users/Maaz/.config/herdr/sessions/cloner/herdr.sock client_socket=/Users/Maaz/.config/herdr/sessions/cloner/herdr-client.sock
2026-07-10T22:37:57.670410Z  INFO herdr::logging: herdr starting event="app.startup" subsystem="server" outcome="started" pid=61202
2026-07-10T22:37:57.799007Z  WARN herdr::detect::manifest_update: skipping unknown remote manifest agent agent="maki"
2026-07-10T22:37:57.929021Z  INFO herdr::server::headless: client connected client_id=2 cols=188 rows=51 cell_width_px=0 cell_height_px=0 render_encoding=SemanticFrame
2026-07-10T22:38:02.680615Z  INFO herdr::logging: session saved event="persist.save" subsystem="persist" outcome="ok" path=/Users/Maaz/.config/herdr/sessions/cloner/session.json workspaces=1
2026-07-10T22:39:46.811088Z  INFO herdr::app::actions: copied selection to clipboard
2026-07-10T23:09:56.636046Z  INFO herdr::logging: checking for updates event="update.check.start" subsystem="update" outcome="started"
2026-07-10T23:09:56.790477Z  WARN herdr::detect::manifest_update: skipping unknown remote manifest agent agent="maki"
2026-07-10T23:25:59.760638Z  INFO herdr::app::actions: copied selection to clipboard
2026-07-10T23:39:56.614126Z  INFO herdr::logging: checking for updates event="update.check.start" subsystem="update" outcome="started"
2026-07-10T23:39:56.704664Z  WARN herdr::detect::manifest_update: skipping unknown remote manifest agent agent="maki"
2026-07-11T00:02:51.377012Z  INFO herdr::app::actions: copied selection to clipboard
2026-07-11T00:09:56.620072Z  INFO herdr::logging: checking for updates event="update.check.start" subsystem="update" outcome="started"
2026-07-11T00:09:56.719662Z  WARN herdr::detect::manifest_update: skipping unknown remote manifest agent agent="maki"
2026-07-11T00:39:56.642719Z  INFO herdr::logging: checking for updates event="update.check.start" subsystem="update" outcome="started"
2026-07-11T00:39:56.788705Z  WARN herdr::detect::manifest_update: skipping unknown remote manifest agent agent="maki"
2026-07-11T01:01:38.367120Z  INFO herdr::logging: spawning pane terminal event="pane.spawn.start" subsystem="pane" outcome="started" pane_id=2 rows=50 cols=162 scrollback_limit_bytes=10000000
2026-07-11T01:01:38.372987Z  INFO herdr::logging: pane child spawned event="pane.spawned" subsystem="pane" outcome="ok" pane_id=2 pid=54070
2026-07-11T01:01:38.373404Z  INFO herdr::logging: tab renamed event="tab.rename" subsystem="tab" outcome="ok" workspace_id="w1" tab_id="w1:t2"
2026-07-11T01:01:38.373457Z  INFO herdr::logging: tab focused event="tab.focus" subsystem="tab" outcome="ok" workspace_id="w1" tab_id="w1:t2"
2026-07-11T01:01:43.381120Z  INFO herdr::logging: session saved event="persist.save" subsystem="persist" outcome="ok" path=/Users/Maaz/.config/herdr/sessions/cloner/session.json workspaces=1
2026-07-11T01:08:16.589182Z  INFO herdr::logging: tab focused event="tab.focus" subsystem="tab" outcome="ok" workspace_id="w1" tab_id="w1:t1"
2026-07-11T01:08:21.597769Z  INFO herdr::logging: session saved event="persist.save" subsystem="persist" outcome="ok" path=/Users/Maaz/.config/herdr/sessions/cloner/session.json workspaces=1
2026-07-11T01:08:26.816846Z  INFO herdr::logging: tab focused event="tab.focus" subsystem="tab" outcome="ok" workspace_id="w1" tab_id="w1:t2"
2026-07-11T01:08:31.827625Z  INFO herdr::logging: session saved event="persist.save" subsystem="persist" outcome="ok" path=/Users/Maaz/.config/herdr/sessions/cloner/session.json workspaces=1
2026-07-11T01:09:56.655897Z  INFO herdr::logging: checking for updates event="update.check.start" subsystem="update" outcome="started"
2026-07-11T01:09:56.782865Z  WARN herdr::detect::manifest_update: skipping unknown remote manifest agent agent="maki"
2026-07-11T01:34:28.659195Z  INFO herdr::logging: tab focused event="tab.focus" subsystem="tab" outcome="ok" workspace_id="w1" tab_id="w1:t1"
2026-07-11T01:34:33.670013Z  INFO herdr::logging: session saved event="persist.save" subsystem="persist" outcome="ok" path=/Users/Maaz/.config/herdr/sessions/cloner/session.json workspaces=1
2026-07-11T01:39:56.694384Z  INFO herdr::logging: checking for updates event="update.check.start" subsystem="update" outcome="started"
2026-07-11T01:39:56.832749Z  WARN herdr::detect::manifest_update: skipping unknown remote manifest agent agent="maki"
2026-07-11T01:42:58.857265Z  INFO herdr::logging: tab focused event="tab.focus" subsystem="tab" outcome="ok" workspace_id="w1" tab_id="w1:t2"
2026-07-11T01:43:00.231019Z  INFO herdr::logging: pane child exited event="pane.exit" subsystem="pane" outcome="completed" pane_id=2 status="ExitStatus { code: 0, signal: None }"
2026-07-11T01:43:00.231474Z  INFO herdr::pane: pane session terminated pane=2 pid=54070 signal=Hangup
2026-07-11T01:43:05.235514Z  INFO herdr::logging: session saved event="persist.save" subsystem="persist" outcome="ok" path=/Users/Maaz/.config/herdr/sessions/cloner/session.json workspaces=1
2026-07-11T01:43:20.435945Z  INFO herdr::logging: spawning pane terminal event="pane.spawn.start" subsystem="pane" outcome="started" pane_id=3 rows=50 cols=162 scrollback_limit_bytes=10000000
2026-07-11T01:43:20.445098Z  INFO herdr::logging: pane child spawned event="pane.spawned" subsystem="pane" outcome="ok" pane_id=3 pid=90326
2026-07-11T01:43:20.445715Z  INFO herdr::logging: tab renamed event="tab.rename" subsystem="tab" outcome="ok" workspace_id="w1" tab_id="w1:t3"
2026-07-11T01:43:20.445740Z  INFO herdr::logging: tab focused event="tab.focus" subsystem="tab" outcome="ok" workspace_id="w1" tab_id="w1:t3"
2026-07-11T01:43:25.453793Z  INFO herdr::logging: session saved event="persist.save" subsystem="persist" outcome="ok" path=/Users/Maaz/.config/herdr/sessions/cloner/session.json workspaces=1
2026-07-11T01:44:21.117419Z  INFO herdr::logging: tab focused event="tab.focus" subsystem="tab" outcome="ok" workspace_id="w1" tab_id="w1:t1"
2026-07-11T01:44:26.127496Z  INFO herdr::logging: session saved event="persist.save" subsystem="persist" outcome="ok" path=/Users/Maaz/.config/herdr/sessions/cloner/session.json workspaces=1
2026-07-11T01:44:54.445602Z  INFO herdr::logging: tab focused event="tab.focus" subsystem="tab" outcome="ok" workspace_id="w1" tab_id="w1:t3"
2026-07-11T01:44:59.449228Z  INFO herdr::logging: session saved event="persist.save" subsystem="persist" outcome="ok" path=/Users/Maaz/.config/herdr/sessions/cloner/session.json workspaces=1
2026-07-11T01:47:51.797677Z  INFO herdr::logging: pane child exited event="pane.exit" subsystem="pane" outcome="completed" pane_id=3 status="ExitStatus { code: 0, signal: None }"
2026-07-11T01:47:51.802502Z  INFO herdr::pane: pane session terminated pane=3 pid=90326 signal=Hangup
2026-07-11T01:47:56.814796Z  INFO herdr::logging: session saved event="persist.save" subsystem="persist" outcome="ok" path=/Users/Maaz/.config/herdr/sessions/cloner/session.json workspaces=1
2026-07-11T01:49:31.812682Z  INFO herdr::logging: spawning pane terminal event="pane.spawn.start" subsystem="pane" outcome="started" pane_id=4 rows=50 cols=162 scrollback_limit_bytes=10000000
2026-07-11T01:49:31.829573Z  INFO herdr::logging: pane child spawned event="pane.spawned" subsystem="pane" outcome="ok" pane_id=4 pid=623
2026-07-11T01:49:31.846826Z  INFO herdr::logging: tab renamed event="tab.rename" subsystem="tab" outcome="ok" workspace_id="w1" tab_id="w1:t4"
2026-07-11T01:49:31.846844Z  INFO herdr::logging: tab focused event="tab.focus" subsystem="tab" outcome="ok" workspace_id="w1" tab_id="w1:t4"
2026-07-11T01:49:36.853935Z  INFO herdr::logging: session saved event="persist.save" subsystem="persist" outcome="ok" path=/Users/Maaz/.config/herdr/sessions/cloner/session.json workspaces=1
2026-07-11T01:49:44.045055Z  INFO herdr::logging: tab focused event="tab.focus" subsystem="tab" outcome="ok" workspace_id="w1" tab_id="w1:t1"
2026-07-11T01:49:49.052587Z  INFO herdr::logging: session saved event="persist.save" subsystem="persist" outcome="ok" path=/Users/Maaz/.config/herdr/sessions/cloner/session.json workspaces=1
2026-07-11T01:50:11.715758Z  INFO herdr::app::actions: copied selection to clipboard
2026-07-11T01:51:53.733708Z  INFO herdr::logging: tab focused event="tab.focus" subsystem="tab" outcome="ok" workspace_id="w1" tab_id="w1:t4"
2026-07-11T01:51:58.750885Z  INFO herdr::logging: session saved event="persist.save" subsystem="persist" outcome="ok" path=/Users/Maaz/.config/herdr/sessions/cloner/session.json workspaces=1
2026-07-11T01:52:41.625253Z  INFO herdr::server::headless: client resize client_id=2 cols=93 rows=51 cell_width_px=0 cell_height_px=0
2026-07-11T01:52:42.866635Z  INFO herdr::server::headless: client resize client_id=2 cols=188 rows=51 cell_width_px=0 cell_height_px=0
2026-07-11T01:52:50.892313Z  INFO herdr::logging: tab focused event="tab.focus" subsystem="tab" outcome="ok" workspace_id="w1" tab_id="w1:t1"
2026-07-11T01:52:55.899617Z  INFO herdr::logging: session saved event="persist.save" subsystem="persist" outcome="ok" path=/Users/Maaz/.config/herdr/sessions/cloner/session.json workspaces=1
2026-07-11T02:03:08.863181Z  INFO herdr::app::actions: copied selection to clipboard
2026-07-11T02:04:31.177880Z  INFO herdr::logging: tab focused event="tab.focus" subsystem="tab" outcome="ok" workspace_id="w1" tab_id="w1:t4"
2026-07-11T02:04:31.511409Z  INFO herdr::logging: tab focused event="tab.focus" subsystem="tab" outcome="ok" workspace_id="w1" tab_id="w1:t4"
2026-07-11T02:04:36.518602Z  INFO herdr::logging: session saved event="persist.save" subsystem="persist" outcome="ok" path=/Users/Maaz/.config/herdr/sessions/cloner/session.json workspaces=1
