2026-07-09T06:04:43.941568Z  INFO herdr::platform::macos: raised server file descriptor soft limit previous=256 target=8192
2026-07-09T06:04:43.942746Z  INFO herdr::api::server: api server listening path=/Users/Maaz/.config/herdr/sessions/aetherguard/herdr.sock
2026-07-09T06:04:43.945140Z  INFO herdr::app: using pane scrollback configuration pane_scrollback_limit_bytes=10000000
2026-07-09T06:04:43.980909Z  INFO herdr::logging: checking for updates event="update.check.start" subsystem="update" outcome="started"
2026-07-09T06:04:43.988395Z  INFO herdr::logging: spawning pane terminal event="pane.spawn.start" subsystem="pane" outcome="started" pane_id=1 rows=24 cols=80 scrollback_limit_bytes=10000000
2026-07-09T06:04:43.994333Z  INFO herdr::logging: pane child spawned event="pane.spawned" subsystem="pane" outcome="ok" pane_id=1 pid=84395
2026-07-09T06:04:43.994864Z  INFO herdr::logging: workspace created event="workspace.create" subsystem="workspace" outcome="ok" workspace_id="w1" pane_id=1
2026-07-09T06:04:43.994889Z  INFO herdr::logging: workspace focused event="workspace.focus" subsystem="workspace" outcome="ok" workspace_id="w1"
2026-07-09T06:04:43.995112Z  INFO herdr::logging: tab focused event="tab.focus" subsystem="tab" outcome="ok" workspace_id="w1" tab_id="w1:t1"
2026-07-09T06:04:43.995128Z  INFO herdr::server::headless: created startup workspace cwd=/Users/Maaz
2026-07-09T06:04:43.995453Z  INFO herdr::server::headless: client protocol socket listening path=/Users/Maaz/.config/herdr/sessions/aetherguard/herdr-client.sock
2026-07-09T06:04:43.995475Z  INFO herdr::server::headless: herdr server started api_socket=/Users/Maaz/.config/herdr/sessions/aetherguard/herdr.sock client_socket=/Users/Maaz/.config/herdr/sessions/aetherguard/herdr-client.sock
2026-07-09T06:04:43.995508Z  INFO herdr::logging: herdr starting event="app.startup" subsystem="server" outcome="started" pid=84337
2026-07-09T06:04:44.248921Z  INFO herdr::server::headless: client connected client_id=2 cols=188 rows=51 cell_width_px=0 cell_height_px=0 render_encoding=SemanticFrame
2026-07-09T06:04:45.917591Z  INFO herdr::logging: pane child exited event="pane.exit" subsystem="pane" outcome="completed" pane_id=1 status="ExitStatus { code: 0, signal: None }"
2026-07-09T06:04:45.917681Z  INFO herdr::pane: pane session terminated pane=1 pid=84395 signal=Hangup
2026-07-09T06:04:45.918343Z  INFO herdr::logging: spawning pane terminal event="pane.spawn.start" subsystem="pane" outcome="started" pane_id=2 rows=50 cols=162 scrollback_limit_bytes=10000000
2026-07-09T06:04:45.924355Z  INFO herdr::logging: pane child spawned event="pane.spawned" subsystem="pane" outcome="ok" pane_id=2 pid=84696
2026-07-09T06:04:45.924581Z  INFO herdr::logging: workspace created event="workspace.create" subsystem="workspace" outcome="ok" workspace_id="w2" pane_id=2
2026-07-09T06:04:45.924595Z  INFO herdr::logging: workspace focused event="workspace.focus" subsystem="workspace" outcome="ok" workspace_id="w2"
2026-07-09T06:04:45.924612Z  INFO herdr::logging: tab focused event="tab.focus" subsystem="tab" outcome="ok" workspace_id="w2" tab_id="w2:t1"
2026-07-09T06:04:49.067662Z  INFO herdr::server::headless: client detach requested via keybind client_id=2
2026-07-09T06:04:49.073174Z  INFO herdr::server::headless: client disconnected client_id=2
2026-07-09T06:04:50.935683Z  INFO herdr::logging: session saved event="persist.save" subsystem="persist" outcome="ok" path=/Users/Maaz/.config/herdr/sessions/aetherguard/session.json workspaces=1
2026-07-09T06:04:51.947511Z  INFO herdr::server::headless: client connected client_id=4 cols=188 rows=51 cell_width_px=0 cell_height_px=0 render_encoding=SemanticFrame
2026-07-09T06:06:49.082760Z  INFO herdr::app::actions: copied selection to clipboard
2026-07-09T06:09:15.390479Z  INFO herdr::app::actions: copied selection to clipboard
2026-07-09T06:12:46.922793Z  INFO herdr::app::actions: copied selection to clipboard
2026-07-09T06:16:53.657045Z  INFO herdr::app::actions: copied selection to clipboard
2026-07-09T06:17:23.557651Z  INFO herdr::logging: spawning pane terminal event="pane.spawn.start" subsystem="pane" outcome="started" pane_id=3 rows=50 cols=162 scrollback_limit_bytes=10000000
2026-07-09T06:17:23.564604Z  INFO herdr::logging: pane child spawned event="pane.spawned" subsystem="pane" outcome="ok" pane_id=3 pid=17162
2026-07-09T06:17:23.564893Z  INFO herdr::logging: tab renamed event="tab.rename" subsystem="tab" outcome="ok" workspace_id="w2" tab_id="w2:t2"
2026-07-09T06:17:23.564961Z  INFO herdr::logging: tab focused event="tab.focus" subsystem="tab" outcome="ok" workspace_id="w2" tab_id="w2:t2"
2026-07-09T06:17:25.973680Z  INFO herdr::logging: workspace focused event="workspace.focus" subsystem="workspace" outcome="ok" workspace_id="w2"
2026-07-09T06:17:25.973719Z  INFO herdr::logging: tab focused event="tab.focus" subsystem="tab" outcome="ok" workspace_id="w2" tab_id="w2:t2"
2026-07-09T06:17:25.974003Z  INFO herdr::logging: tab focused event="tab.focus" subsystem="tab" outcome="ok" workspace_id="w2" tab_id="w2:t2"
2026-07-09T06:17:28.532138Z  INFO herdr::logging: tab renamed event="tab.rename" subsystem="tab" outcome="ok" workspace_id="w2" tab_id="w2:t2"
2026-07-09T06:17:31.515718Z  INFO herdr::logging: tab focused event="tab.focus" subsystem="tab" outcome="ok" workspace_id="w2" tab_id="w2:t1"
2026-07-09T06:17:36.517670Z  INFO herdr::logging: session saved event="persist.save" subsystem="persist" outcome="ok" path=/Users/Maaz/.config/herdr/sessions/aetherguard/session.json workspaces=1
2026-07-09T06:18:23.181493Z  INFO herdr::logging: tab focused event="tab.focus" subsystem="tab" outcome="ok" workspace_id="w2" tab_id="w2:t2"
2026-07-09T06:18:28.187986Z  INFO herdr::logging: session saved event="persist.save" subsystem="persist" outcome="ok" path=/Users/Maaz/.config/herdr/sessions/aetherguard/session.json workspaces=1
2026-07-09T06:18:33.523839Z  INFO herdr::logging: pane child exited event="pane.exit" subsystem="pane" outcome="completed" pane_id=3 status="ExitStatus { code: 0, signal: None }"
2026-07-09T06:18:33.523966Z  INFO herdr::pane: pane session terminated pane=3 pid=17162 signal=Hangup
2026-07-09T06:18:38.333584Z  INFO herdr::server::headless: client detach requested via keybind client_id=4
2026-07-09T06:18:38.336401Z  INFO herdr::server::headless: client disconnected client_id=4
2026-07-09T06:18:38.528897Z  INFO herdr::logging: session saved event="persist.save" subsystem="persist" outcome="ok" path=/Users/Maaz/.config/herdr/sessions/aetherguard/session.json workspaces=1
2026-07-09T06:34:08.679802Z  INFO herdr::server::headless: client connected client_id=6 cols=188 rows=51 cell_width_px=0 cell_height_px=0 render_encoding=SemanticFrame
2026-07-09T06:34:44.004441Z  INFO herdr::logging: checking for updates event="update.check.start" subsystem="update" outcome="started"
2026-07-09T06:36:53.784218Z  INFO herdr::logging: spawning pane terminal event="pane.spawn.start" subsystem="pane" outcome="started" pane_id=4 rows=50 cols=162 scrollback_limit_bytes=10000000
2026-07-09T06:36:53.807901Z  INFO herdr::logging: pane child spawned event="pane.spawned" subsystem="pane" outcome="ok" pane_id=4 pid=52481
2026-07-09T06:36:53.808589Z  INFO herdr::logging: tab focused event="tab.focus" subsystem="tab" outcome="ok" workspace_id="w2" tab_id="w2:t3"
2026-07-09T06:36:58.115767Z  INFO herdr::app::actions: copied selection to clipboard
2026-07-09T06:36:58.815183Z  INFO herdr::logging: session saved event="persist.save" subsystem="persist" outcome="ok" path=/Users/Maaz/.config/herdr/sessions/aetherguard/session.json workspaces=1
2026-07-09T06:36:58.888127Z  INFO herdr::logging: tab focused event="tab.focus" subsystem="tab" outcome="ok" workspace_id="w2" tab_id="w2:t1"
2026-07-09T06:37:03.920767Z  INFO herdr::logging: session saved event="persist.save" subsystem="persist" outcome="ok" path=/Users/Maaz/.config/herdr/sessions/aetherguard/session.json workspaces=1
2026-07-09T06:40:51.000473Z  INFO herdr::logging: tab focused event="tab.focus" subsystem="tab" outcome="ok" workspace_id="w2" tab_id="w2:t3"
2026-07-09T06:40:53.751237Z  INFO herdr::logging: tab focused event="tab.focus" subsystem="tab" outcome="ok" workspace_id="w2" tab_id="w2:t1"
2026-07-09T06:40:58.756410Z  INFO herdr::logging: session saved event="persist.save" subsystem="persist" outcome="ok" path=/Users/Maaz/.config/herdr/sessions/aetherguard/session.json workspaces=1
2026-07-09T06:43:28.933954Z  INFO herdr::logging: tab focused event="tab.focus" subsystem="tab" outcome="ok" workspace_id="w2" tab_id="w2:t3"
2026-07-09T06:43:30.351340Z  INFO herdr::logging: workspace focused event="workspace.focus" subsystem="workspace" outcome="ok" workspace_id="w2"
2026-07-09T06:43:30.351603Z  INFO herdr::logging: tab focused event="tab.focus" subsystem="tab" outcome="ok" workspace_id="w2" tab_id="w2:t3"
2026-07-09T06:43:30.351854Z  INFO herdr::logging: tab focused event="tab.focus" subsystem="tab" outcome="ok" workspace_id="w2" tab_id="w2:t3"
2026-07-09T06:43:32.563030Z  INFO herdr::logging: tab renamed event="tab.rename" subsystem="tab" outcome="ok" workspace_id="w2" tab_id="w2:t3"
2026-07-09T06:43:33.392687Z  INFO herdr::logging: tab focused event="tab.focus" subsystem="tab" outcome="ok" workspace_id="w2" tab_id="w2:t1"
2026-07-09T06:43:38.398753Z  INFO herdr::logging: session saved event="persist.save" subsystem="persist" outcome="ok" path=/Users/Maaz/.config/herdr/sessions/aetherguard/session.json workspaces=1
2026-07-09T06:54:11.868868Z  INFO herdr::app::actions: copied selection to clipboard
2026-07-09T06:54:32.683013Z  INFO herdr::app::actions: copied double-clicked token to clipboard
2026-07-09T06:54:47.503592Z  INFO herdr::app::actions: copied double-clicked token to clipboard
2026-07-09T06:55:02.242037Z  INFO herdr::server::headless: client resize client_id=6 cols=189 rows=53 cell_width_px=0 cell_height_px=0
2026-07-09T06:55:02.968569Z  INFO herdr::server::headless: client resize client_id=6 cols=188 rows=51 cell_width_px=0 cell_height_px=0
2026-07-09T06:55:25.890851Z  INFO herdr::app::actions: copied double-clicked token to clipboard
2026-07-09T06:55:40.324538Z  INFO herdr::app::actions: copied double-clicked token to clipboard
2026-07-09T06:57:01.022978Z  INFO herdr::logging: tab focused event="tab.focus" subsystem="tab" outcome="ok" workspace_id="w2" tab_id="w2:t3"
2026-07-09T06:57:06.032630Z  INFO herdr::logging: session saved event="persist.save" subsystem="persist" outcome="ok" path=/Users/Maaz/.config/herdr/sessions/aetherguard/session.json workspaces=1
2026-07-09T06:57:35.102832Z  INFO herdr::app::actions: copied selection to clipboard
2026-07-09T06:58:00.080245Z  INFO herdr::app::actions: copied selection to clipboard
2026-07-09T06:58:27.335433Z  INFO herdr::server::headless: client resize client_id=6 cols=189 rows=53 cell_width_px=0 cell_height_px=0
2026-07-09T06:58:28.164665Z  INFO herdr::server::headless: client resize client_id=6 cols=188 rows=51 cell_width_px=0 cell_height_px=0
2026-07-09T06:58:39.149243Z  INFO herdr::app::actions: copied selection to clipboard
2026-07-09T06:58:51.344620Z  INFO herdr::app::actions: copied selection to clipboard
2026-07-09T06:59:31.850210Z  INFO herdr::app::actions: copied double-clicked token to clipboard
2026-07-09T07:00:06.323192Z  INFO herdr::logging: tab focused event="tab.focus" subsystem="tab" outcome="ok" workspace_id="w2" tab_id="w2:t3"
2026-07-09T07:00:07.864987Z  INFO herdr::logging: tab focused event="tab.focus" subsystem="tab" outcome="ok" workspace_id="w2" tab_id="w2:t1"
2026-07-09T07:00:12.871376Z  INFO herdr::logging: session saved event="persist.save" subsystem="persist" outcome="ok" path=/Users/Maaz/.config/herdr/sessions/aetherguard/session.json workspaces=1
2026-07-09T07:00:51.086035Z  INFO herdr::app::actions: copied selection to clipboard
2026-07-09T07:01:17.015494Z  INFO herdr::app::actions: copied selection to clipboard
2026-07-09T07:01:50.714915Z  INFO herdr::app::actions: copied selection to clipboard
2026-07-09T07:02:10.410416Z  INFO herdr::app::actions: copied selection to clipboard
2026-07-09T07:02:34.713790Z  INFO herdr::app::actions: copied double-clicked token to clipboard
2026-07-09T07:02:54.343706Z  INFO herdr::app::actions: copied selection to clipboard
2026-07-09T07:03:27.010847Z  INFO herdr::logging: tab focused event="tab.focus" subsystem="tab" outcome="ok" workspace_id="w2" tab_id="w2:t3"
2026-07-09T07:03:29.082581Z  INFO herdr::logging: pane child exited event="pane.exit" subsystem="pane" outcome="completed" pane_id=4 status="ExitStatus { code: 0, signal: None }"
2026-07-09T07:03:29.086711Z  INFO herdr::pane: pane session terminated pane=4 pid=52481 signal=Hangup
2026-07-09T07:03:34.097707Z  INFO herdr::logging: session saved event="persist.save" subsystem="persist" outcome="ok" path=/Users/Maaz/.config/herdr/sessions/aetherguard/session.json workspaces=1
2026-07-09T07:03:36.079884Z  INFO herdr::logging: spawning pane terminal event="pane.spawn.start" subsystem="pane" outcome="started" pane_id=5 rows=50 cols=162 scrollback_limit_bytes=10000000
2026-07-09T07:03:36.103640Z  INFO herdr::logging: pane child spawned event="pane.spawned" subsystem="pane" outcome="ok" pane_id=5 pid=57757
2026-07-09T07:03:36.104421Z  INFO herdr::logging: tab renamed event="tab.rename" subsystem="tab" outcome="ok" workspace_id="w2" tab_id="w2:t4"
2026-07-09T07:03:36.104814Z  INFO herdr::logging: tab focused event="tab.focus" subsystem="tab" outcome="ok" workspace_id="w2" tab_id="w2:t4"
2026-07-09T07:03:38.057381Z  INFO herdr::logging: workspace focused event="workspace.focus" subsystem="workspace" outcome="ok" workspace_id="w2"
2026-07-09T07:03:38.057416Z  INFO herdr::logging: tab focused event="tab.focus" subsystem="tab" outcome="ok" workspace_id="w2" tab_id="w2:t4"
2026-07-09T07:03:38.057450Z  INFO herdr::logging: tab focused event="tab.focus" subsystem="tab" outcome="ok" workspace_id="w2" tab_id="w2:t4"
2026-07-09T07:03:39.068236Z  INFO herdr::logging: tab renamed event="tab.rename" subsystem="tab" outcome="ok" workspace_id="w2" tab_id="w2:t4"
2026-07-09T07:03:40.775297Z  INFO herdr::logging: workspace focused event="workspace.focus" subsystem="workspace" outcome="ok" workspace_id="w2"
2026-07-09T07:03:40.776010Z  INFO herdr::logging: tab focused event="tab.focus" subsystem="tab" outcome="ok" workspace_id="w2" tab_id="w2:t4"
2026-07-09T07:03:40.776850Z  INFO herdr::logging: tab focused event="tab.focus" subsystem="tab" outcome="ok" workspace_id="w2" tab_id="w2:t1"
2026-07-09T07:03:43.194258Z  INFO herdr::logging: tab renamed event="tab.rename" subsystem="tab" outcome="ok" workspace_id="w2" tab_id="w2:t1"
2026-07-09T07:03:48.200114Z  INFO herdr::logging: session saved event="persist.save" subsystem="persist" outcome="ok" path=/Users/Maaz/.config/herdr/sessions/aetherguard/session.json workspaces=1
2026-07-09T07:03:56.050606Z  INFO herdr::server::headless: client detach requested via keybind client_id=6
2026-07-09T07:03:56.056923Z  INFO herdr::server::headless: client disconnected client_id=6
2026-07-09T07:04:55.114293Z  INFO herdr::logging: checking for updates event="update.check.start" subsystem="update" outcome="started"
2026-07-09T08:43:37.879849Z  INFO herdr::logging: checking for updates event="update.check.start" subsystem="update" outcome="started"
2026-07-09T09:13:37.867515Z  INFO herdr::logging: checking for updates event="update.check.start" subsystem="update" outcome="started"
2026-07-09T10:53:01.258420Z  INFO herdr::logging: checking for updates event="update.check.start" subsystem="update" outcome="started"
2026-07-09T16:58:10.489660Z  INFO herdr::logging: checking for updates event="update.check.start" subsystem="update" outcome="started"
2026-07-09T17:14:58.643871Z  INFO herdr::server::headless: client connected client_id=8 cols=188 rows=50 cell_width_px=0 cell_height_px=0 render_encoding=SemanticFrame
2026-07-09T17:15:01.719860Z  INFO herdr::server::headless: client detach requested via keybind client_id=8
2026-07-09T17:15:01.723127Z  INFO herdr::server::headless: client disconnected client_id=8
2026-07-09T18:36:21.143710Z  INFO herdr::logging: checking for updates event="update.check.start" subsystem="update" outcome="started"
2026-07-10T07:32:05.193183Z  INFO herdr::logging: checking for updates event="update.check.start" subsystem="update" outcome="started"
2026-07-10T08:02:05.191182Z  INFO herdr::logging: checking for updates event="update.check.start" subsystem="update" outcome="started"
2026-07-10T19:01:51.529427Z  INFO herdr::logging: checking for updates event="update.check.start" subsystem="update" outcome="started"
2026-07-10T19:31:57.274569Z  INFO herdr::logging: checking for updates event="update.check.start" subsystem="update" outcome="started"
2026-07-10T20:02:39.057615Z  INFO herdr::logging: checking for updates event="update.check.start" subsystem="update" outcome="started"
2026-07-10T20:33:28.110346Z  INFO herdr::logging: checking for updates event="update.check.start" subsystem="update" outcome="started"
2026-07-10T22:32:26.060774Z  INFO herdr::logging: checking for updates event="update.check.start" subsystem="update" outcome="started"
2026-07-10T22:32:26.201907Z  WARN herdr::detect::manifest_update: skipping unknown remote manifest agent agent="maki"
2026-07-10T23:02:42.111364Z  INFO herdr::logging: checking for updates event="update.check.start" subsystem="update" outcome="started"
2026-07-10T23:02:42.239072Z  WARN herdr::detect::manifest_update: skipping unknown remote manifest agent agent="maki"
2026-07-10T23:05:15.031022Z  WARN herdr::detect::manifest_update: agent detection manifest update failed for agent agent="cline" error=fetch failed: failed to fetch https://herdr.dev/agent-detection/cline.toml
2026-07-10T23:34:41.103477Z  INFO herdr::logging: checking for updates event="update.check.start" subsystem="update" outcome="started"
2026-07-10T23:34:41.332556Z  WARN herdr::detect::manifest_update: skipping unknown remote manifest agent agent="maki"
2026-07-11T00:04:41.108528Z  INFO herdr::logging: checking for updates event="update.check.start" subsystem="update" outcome="started"
2026-07-11T00:04:41.285984Z  WARN herdr::detect::manifest_update: skipping unknown remote manifest agent agent="maki"
2026-07-11T00:34:41.126159Z  INFO herdr::logging: checking for updates event="update.check.start" subsystem="update" outcome="started"
2026-07-11T00:34:41.295462Z  WARN herdr::detect::manifest_update: skipping unknown remote manifest agent agent="maki"
2026-07-11T01:04:41.137949Z  INFO herdr::logging: checking for updates event="update.check.start" subsystem="update" outcome="started"
2026-07-11T01:04:41.286364Z  WARN herdr::detect::manifest_update: skipping unknown remote manifest agent agent="maki"
2026-07-11T01:34:41.167613Z  INFO herdr::logging: checking for updates event="update.check.start" subsystem="update" outcome="started"
2026-07-11T01:34:41.343002Z  WARN herdr::detect::manifest_update: skipping unknown remote manifest agent agent="maki"
2026-07-11T02:04:41.134010Z  INFO herdr::logging: checking for updates event="update.check.start" subsystem="update" outcome="started"
2026-07-11T02:04:41.252108Z  WARN herdr::detect::manifest_update: skipping unknown remote manifest agent agent="maki"
